Release 13.4 Map O.87xd (lin64)
Xilinx Mapping Report File for Design 'CacheController'

Design Information
------------------
Command Line   : map -intstyle ise -p xc3s500e-fg320-5 -cm area -ir off -pr off
-c 100 -o CacheController_map.ncd CacheController.ngd CacheController.pcf 
Target Device  : xc3s500e
Target Package : fg320
Target Speed   : -5
Mapper Version : spartan3e -- $Revision: 1.55 $
Mapped Date    : Fri Nov  1 11:38:16 2019

Design Summary
--------------
Number of errors:      0
Number of warnings:   60
Logic Utilization:
  Total Number Slice Registers:       2,098 out of   9,312   22%
    Number used as Flip Flops:        2,095
    Number used as Latches:               3
  Number of 4 input LUTs:             3,657 out of   9,312   39%
Logic Distribution:
  Number of occupied Slices:          2,188 out of   4,656   46%
    Number of Slices containing only related logic:   2,188 out of   2,188 100%
    Number of Slices containing unrelated logic:          0 out of   2,188   0%
      *See NOTES below for an explanation of the effects of unrelated logic.
  Total Number of 4 input LUTs:       3,782 out of   9,312   40%
    Number used as logic:             3,496
    Number used as a route-thru:        125
    Number used as 16x1 RAMs:             8
    Number used as Shift registers:     153

  The Slice Logic Distribution report is not meaningful if the design is
  over-mapped for a non-slice resource or if Placement fails.

  Number of bonded IOBs:                 93 out of     232   40%
    IOB Latches:                          1
  Number of RAMB16s:                      5 out of      20   25%
  Number of BUFGMUXs:                     2 out of      24    8%
  Number of BSCANs:                       1 out of       1  100%

  Number of RPM macros:           12
Average Fanout of Non-Clock Nets:                4.21

Peak Memory Usage:  695 MB
Total REAL time to MAP completion:  5 secs 
Total CPU time to MAP completion:   4 secs 

NOTES:

   Related logic is defined as being logic that shares connectivity - e.g. two
   LUTs are "related" if they share common inputs.  When assembling slices,
   Map gives priority to combine logic that is related.  Doing so results in
   the best timing performance.

   Unrelated logic shares no connectivity.  Map will only begin packing
   unrelated logic into a slice once 99% of the slices are occupied through
   related logic packing.

   Note that once logic distribution reaches the 99% level through related
   logic packing, this does not mean the device is completely utilized.
   Unrelated logic packing will then begin, continuing until all usable LUTs
   and FFs are occupied.  Depending on your timing budget, increased levels of
   unrelated logic packing may adversely affect the overall timing performance
   of your design.

Table of Contents
-----------------
Section 1 - Errors
Section 2 - Warnings
Section 3 - Informational
Section 4 - Removed Logic Summary
Section 5 - Removed Logic
Section 6 - IOB Properties
Section 7 - RPMs
Section 8 - Guide Report
Section 9 - Area Group and Partition Summary
Section 10 - Timing Report
Section 11 - Configuration String Information
Section 12 - Control Set Information
Section 13 - Utilization by Hierarchy

Section 1 - Errors
------------------

Section 2 - Warnings
--------------------
WARNING:PhysDesignRules:372 - Gated clock. Clock net control0<13> is sourced by
   a combinatorial pin. This is not good design practice. Use the CE pin to
   control the loading of data into the flip-flop.
WARNING:PhysDesignRules:372 - Gated clock. Clock net myCPU_gen/updPat_or0000 is
   sourced by a combinatorial pin. This is not good design practice. Use the CE
   pin to control the loading of data into the flip-flop.
WARNING:PhysDesignRules:367 - The signal <myvio/U0/I_VIO/reset_f_edge/iDOUT<1>>
   is incomplete. The signal does not drive any load pins in the design.
WARNING:PhysDesignRules:367 - The signal <myvio/U0/I_VIO/UPDATE<1>> is
   incomplete. The signal does not drive any load pins in the design.
WARNING:PhysDesignRules:812 - Dangling pin <DOA1> on
   block:<mySRAM/U0/xst_blk_mem_generator/gnativebmg.native_blk_mem_gen/valid.cs
   tr/ramloop[0].ram.r/s3_noinit.ram/spram.ram.A>:<RAMB16_RAMB16A>.
WARNING:PhysDesignRules:812 - Dangling pin <DOA2> on
   block:<mySRAM/U0/xst_blk_mem_generator/gnativebmg.native_blk_mem_gen/valid.cs
   tr/ramloop[0].ram.r/s3_noinit.ram/spram.ram.A>:<RAMB16_RAMB16A>.
WARNING:PhysDesignRules:812 - Dangling pin <DOA3> on
   block:<mySRAM/U0/xst_blk_mem_generator/gnativebmg.native_blk_mem_gen/valid.cs
   tr/ramloop[0].ram.r/s3_noinit.ram/spram.ram.A>:<RAMB16_RAMB16A>.
WARNING:PhysDesignRules:812 - Dangling pin <DOA4> on
   block:<mySRAM/U0/xst_blk_mem_generator/gnativebmg.native_blk_mem_gen/valid.cs
   tr/ramloop[0].ram.r/s3_noinit.ram/spram.ram.A>:<RAMB16_RAMB16A>.
WARNING:PhysDesignRules:812 - Dangling pin <DOA5> on
   block:<mySRAM/U0/xst_blk_mem_generator/gnativebmg.native_blk_mem_gen/valid.cs
   tr/ramloop[0].ram.r/s3_noinit.ram/spram.ram.A>:<RAMB16_RAMB16A>.
WARNING:PhysDesignRules:812 - Dangling pin <DOA6> on
   block:<mySRAM/U0/xst_blk_mem_generator/gnativebmg.native_blk_mem_gen/valid.cs
   tr/ramloop[0].ram.r/s3_noinit.ram/spram.ram.A>:<RAMB16_RAMB16A>.
WARNING:PhysDesignRules:812 - Dangling pin <DOA7> on
   block:<mySRAM/U0/xst_blk_mem_generator/gnativebmg.native_blk_mem_gen/valid.cs
   tr/ramloop[0].ram.r/s3_noinit.ram/spram.ram.A>:<RAMB16_RAMB16A>.
WARNING:PhysDesignRules:812 - Dangling pin <DOA9> on
   block:<mySRAM/U0/xst_blk_mem_generator/gnativebmg.native_blk_mem_gen/valid.cs
   tr/ramloop[0].ram.r/s3_noinit.ram/spram.ram.A>:<RAMB16_RAMB16A>.
WARNING:PhysDesignRules:812 - Dangling pin <DOA10> on
   block:<mySRAM/U0/xst_blk_mem_generator/gnativebmg.native_blk_mem_gen/valid.cs
   tr/ramloop[0].ram.r/s3_noinit.ram/spram.ram.A>:<RAMB16_RAMB16A>.
WARNING:PhysDesignRules:812 - Dangling pin <DOA11> on
   block:<mySRAM/U0/xst_blk_mem_generator/gnativebmg.native_blk_mem_gen/valid.cs
   tr/ramloop[0].ram.r/s3_noinit.ram/spram.ram.A>:<RAMB16_RAMB16A>.
WARNING:PhysDesignRules:812 - Dangling pin <DOA12> on
   block:<mySRAM/U0/xst_blk_mem_generator/gnativebmg.native_blk_mem_gen/valid.cs
   tr/ramloop[0].ram.r/s3_noinit.ram/spram.ram.A>:<RAMB16_RAMB16A>.
WARNING:PhysDesignRules:812 - Dangling pin <DOA13> on
   block:<mySRAM/U0/xst_blk_mem_generator/gnativebmg.native_blk_mem_gen/valid.cs
   tr/ramloop[0].ram.r/s3_noinit.ram/spram.ram.A>:<RAMB16_RAMB16A>.
WARNING:PhysDesignRules:812 - Dangling pin <DOA14> on
   block:<mySRAM/U0/xst_blk_mem_generator/gnativebmg.native_blk_mem_gen/valid.cs
   tr/ramloop[0].ram.r/s3_noinit.ram/spram.ram.A>:<RAMB16_RAMB16A>.
WARNING:PhysDesignRules:812 - Dangling pin <DOA15> on
   block:<mySRAM/U0/xst_blk_mem_generator/gnativebmg.native_blk_mem_gen/valid.cs
   tr/ramloop[0].ram.r/s3_noinit.ram/spram.ram.A>:<RAMB16_RAMB16A>.
WARNING:PhysDesignRules:812 - Dangling pin <DOA17> on
   block:<mySRAM/U0/xst_blk_mem_generator/gnativebmg.native_blk_mem_gen/valid.cs
   tr/ramloop[0].ram.r/s3_noinit.ram/spram.ram.A>:<RAMB16_RAMB16A>.
WARNING:PhysDesignRules:812 - Dangling pin <DOA18> on
   block:<mySRAM/U0/xst_blk_mem_generator/gnativebmg.native_blk_mem_gen/valid.cs
   tr/ramloop[0].ram.r/s3_noinit.ram/spram.ram.A>:<RAMB16_RAMB16A>.
WARNING:PhysDesignRules:812 - Dangling pin <DOA19> on
   block:<mySRAM/U0/xst_blk_mem_generator/gnativebmg.native_blk_mem_gen/valid.cs
   tr/ramloop[0].ram.r/s3_noinit.ram/spram.ram.A>:<RAMB16_RAMB16A>.
WARNING:PhysDesignRules:812 - Dangling pin <DOA20> on
   block:<mySRAM/U0/xst_blk_mem_generator/gnativebmg.native_blk_mem_gen/valid.cs
   tr/ramloop[0].ram.r/s3_noinit.ram/spram.ram.A>:<RAMB16_RAMB16A>.
WARNING:PhysDesignRules:812 - Dangling pin <DOA21> on
   block:<mySRAM/U0/xst_blk_mem_generator/gnativebmg.native_blk_mem_gen/valid.cs
   tr/ramloop[0].ram.r/s3_noinit.ram/spram.ram.A>:<RAMB16_RAMB16A>.
WARNING:PhysDesignRules:812 - Dangling pin <DOA22> on
   block:<mySRAM/U0/xst_blk_mem_generator/gnativebmg.native_blk_mem_gen/valid.cs
   tr/ramloop[0].ram.r/s3_noinit.ram/spram.ram.A>:<RAMB16_RAMB16A>.
WARNING:PhysDesignRules:812 - Dangling pin <DOA23> on
   block:<mySRAM/U0/xst_blk_mem_generator/gnativebmg.native_blk_mem_gen/valid.cs
   tr/ramloop[0].ram.r/s3_noinit.ram/spram.ram.A>:<RAMB16_RAMB16A>.
WARNING:PhysDesignRules:812 - Dangling pin <DOA25> on
   block:<mySRAM/U0/xst_blk_mem_generator/gnativebmg.native_blk_mem_gen/valid.cs
   tr/ramloop[0].ram.r/s3_noinit.ram/spram.ram.A>:<RAMB16_RAMB16A>.
WARNING:PhysDesignRules:812 - Dangling pin <DOA26> on
   block:<mySRAM/U0/xst_blk_mem_generator/gnativebmg.native_blk_mem_gen/valid.cs
   tr/ramloop[0].ram.r/s3_noinit.ram/spram.ram.A>:<RAMB16_RAMB16A>.
WARNING:PhysDesignRules:812 - Dangling pin <DOA27> on
   block:<mySRAM/U0/xst_blk_mem_generator/gnativebmg.native_blk_mem_gen/valid.cs
   tr/ramloop[0].ram.r/s3_noinit.ram/spram.ram.A>:<RAMB16_RAMB16A>.
WARNING:PhysDesignRules:812 - Dangling pin <DOA28> on
   block:<mySRAM/U0/xst_blk_mem_generator/gnativebmg.native_blk_mem_gen/valid.cs
   tr/ramloop[0].ram.r/s3_noinit.ram/spram.ram.A>:<RAMB16_RAMB16A>.
WARNING:PhysDesignRules:812 - Dangling pin <DOA29> on
   block:<mySRAM/U0/xst_blk_mem_generator/gnativebmg.native_blk_mem_gen/valid.cs
   tr/ramloop[0].ram.r/s3_noinit.ram/spram.ram.A>:<RAMB16_RAMB16A>.
WARNING:PhysDesignRules:812 - Dangling pin <DOA30> on
   block:<mySRAM/U0/xst_blk_mem_generator/gnativebmg.native_blk_mem_gen/valid.cs
   tr/ramloop[0].ram.r/s3_noinit.ram/spram.ram.A>:<RAMB16_RAMB16A>.
WARNING:PhysDesignRules:812 - Dangling pin <DOA31> on
   block:<mySRAM/U0/xst_blk_mem_generator/gnativebmg.native_blk_mem_gen/valid.cs
   tr/ramloop[0].ram.r/s3_noinit.ram/spram.ram.A>:<RAMB16_RAMB16A>.
WARNING:PhysDesignRules:812 - Dangling pin <DOB1> on
   block:<mySRAM/U0/xst_blk_mem_generator/gnativebmg.native_blk_mem_gen/valid.cs
   tr/ramloop[0].ram.r/s3_noinit.ram/spram.ram.B>:<RAMB16_RAMB16B>.
WARNING:PhysDesignRules:812 - Dangling pin <DOB2> on
   block:<mySRAM/U0/xst_blk_mem_generator/gnativebmg.native_blk_mem_gen/valid.cs
   tr/ramloop[0].ram.r/s3_noinit.ram/spram.ram.B>:<RAMB16_RAMB16B>.
WARNING:PhysDesignRules:812 - Dangling pin <DOB3> on
   block:<mySRAM/U0/xst_blk_mem_generator/gnativebmg.native_blk_mem_gen/valid.cs
   tr/ramloop[0].ram.r/s3_noinit.ram/spram.ram.B>:<RAMB16_RAMB16B>.
WARNING:PhysDesignRules:812 - Dangling pin <DOB4> on
   block:<mySRAM/U0/xst_blk_mem_generator/gnativebmg.native_blk_mem_gen/valid.cs
   tr/ramloop[0].ram.r/s3_noinit.ram/spram.ram.B>:<RAMB16_RAMB16B>.
WARNING:PhysDesignRules:812 - Dangling pin <DOB5> on
   block:<mySRAM/U0/xst_blk_mem_generator/gnativebmg.native_blk_mem_gen/valid.cs
   tr/ramloop[0].ram.r/s3_noinit.ram/spram.ram.B>:<RAMB16_RAMB16B>.
WARNING:PhysDesignRules:812 - Dangling pin <DOB6> on
   block:<mySRAM/U0/xst_blk_mem_generator/gnativebmg.native_blk_mem_gen/valid.cs
   tr/ramloop[0].ram.r/s3_noinit.ram/spram.ram.B>:<RAMB16_RAMB16B>.
WARNING:PhysDesignRules:812 - Dangling pin <DOB7> on
   block:<mySRAM/U0/xst_blk_mem_generator/gnativebmg.native_blk_mem_gen/valid.cs
   tr/ramloop[0].ram.r/s3_noinit.ram/spram.ram.B>:<RAMB16_RAMB16B>.
WARNING:PhysDesignRules:812 - Dangling pin <DOB9> on
   block:<mySRAM/U0/xst_blk_mem_generator/gnativebmg.native_blk_mem_gen/valid.cs
   tr/ramloop[0].ram.r/s3_noinit.ram/spram.ram.B>:<RAMB16_RAMB16B>.
WARNING:PhysDesignRules:812 - Dangling pin <DOB10> on
   block:<mySRAM/U0/xst_blk_mem_generator/gnativebmg.native_blk_mem_gen/valid.cs
   tr/ramloop[0].ram.r/s3_noinit.ram/spram.ram.B>:<RAMB16_RAMB16B>.
WARNING:PhysDesignRules:812 - Dangling pin <DOB11> on
   block:<mySRAM/U0/xst_blk_mem_generator/gnativebmg.native_blk_mem_gen/valid.cs
   tr/ramloop[0].ram.r/s3_noinit.ram/spram.ram.B>:<RAMB16_RAMB16B>.
WARNING:PhysDesignRules:812 - Dangling pin <DOB12> on
   block:<mySRAM/U0/xst_blk_mem_generator/gnativebmg.native_blk_mem_gen/valid.cs
   tr/ramloop[0].ram.r/s3_noinit.ram/spram.ram.B>:<RAMB16_RAMB16B>.
WARNING:PhysDesignRules:812 - Dangling pin <DOB13> on
   block:<mySRAM/U0/xst_blk_mem_generator/gnativebmg.native_blk_mem_gen/valid.cs
   tr/ramloop[0].ram.r/s3_noinit.ram/spram.ram.B>:<RAMB16_RAMB16B>.
WARNING:PhysDesignRules:812 - Dangling pin <DOB14> on
   block:<mySRAM/U0/xst_blk_mem_generator/gnativebmg.native_blk_mem_gen/valid.cs
   tr/ramloop[0].ram.r/s3_noinit.ram/spram.ram.B>:<RAMB16_RAMB16B>.
WARNING:PhysDesignRules:812 - Dangling pin <DOB15> on
   block:<mySRAM/U0/xst_blk_mem_generator/gnativebmg.native_blk_mem_gen/valid.cs
   tr/ramloop[0].ram.r/s3_noinit.ram/spram.ram.B>:<RAMB16_RAMB16B>.
WARNING:PhysDesignRules:812 - Dangling pin <DOB17> on
   block:<mySRAM/U0/xst_blk_mem_generator/gnativebmg.native_blk_mem_gen/valid.cs
   tr/ramloop[0].ram.r/s3_noinit.ram/spram.ram.B>:<RAMB16_RAMB16B>.
WARNING:PhysDesignRules:812 - Dangling pin <DOB18> on
   block:<mySRAM/U0/xst_blk_mem_generator/gnativebmg.native_blk_mem_gen/valid.cs
   tr/ramloop[0].ram.r/s3_noinit.ram/spram.ram.B>:<RAMB16_RAMB16B>.
WARNING:PhysDesignRules:812 - Dangling pin <DOB19> on
   block:<mySRAM/U0/xst_blk_mem_generator/gnativebmg.native_blk_mem_gen/valid.cs
   tr/ramloop[0].ram.r/s3_noinit.ram/spram.ram.B>:<RAMB16_RAMB16B>.
WARNING:PhysDesignRules:812 - Dangling pin <DOB20> on
   block:<mySRAM/U0/xst_blk_mem_generator/gnativebmg.native_blk_mem_gen/valid.cs
   tr/ramloop[0].ram.r/s3_noinit.ram/spram.ram.B>:<RAMB16_RAMB16B>.
WARNING:PhysDesignRules:812 - Dangling pin <DOB21> on
   block:<mySRAM/U0/xst_blk_mem_generator/gnativebmg.native_blk_mem_gen/valid.cs
   tr/ramloop[0].ram.r/s3_noinit.ram/spram.ram.B>:<RAMB16_RAMB16B>.
WARNING:PhysDesignRules:812 - Dangling pin <DOB22> on
   block:<mySRAM/U0/xst_blk_mem_generator/gnativebmg.native_blk_mem_gen/valid.cs
   tr/ramloop[0].ram.r/s3_noinit.ram/spram.ram.B>:<RAMB16_RAMB16B>.
WARNING:PhysDesignRules:812 - Dangling pin <DOB23> on
   block:<mySRAM/U0/xst_blk_mem_generator/gnativebmg.native_blk_mem_gen/valid.cs
   tr/ramloop[0].ram.r/s3_noinit.ram/spram.ram.B>:<RAMB16_RAMB16B>.
WARNING:PhysDesignRules:812 - Dangling pin <DOB25> on
   block:<mySRAM/U0/xst_blk_mem_generator/gnativebmg.native_blk_mem_gen/valid.cs
   tr/ramloop[0].ram.r/s3_noinit.ram/spram.ram.B>:<RAMB16_RAMB16B>.
WARNING:PhysDesignRules:812 - Dangling pin <DOB26> on
   block:<mySRAM/U0/xst_blk_mem_generator/gnativebmg.native_blk_mem_gen/valid.cs
   tr/ramloop[0].ram.r/s3_noinit.ram/spram.ram.B>:<RAMB16_RAMB16B>.
WARNING:PhysDesignRules:812 - Dangling pin <DOB27> on
   block:<mySRAM/U0/xst_blk_mem_generator/gnativebmg.native_blk_mem_gen/valid.cs
   tr/ramloop[0].ram.r/s3_noinit.ram/spram.ram.B>:<RAMB16_RAMB16B>.
WARNING:PhysDesignRules:812 - Dangling pin <DOB28> on
   block:<mySRAM/U0/xst_blk_mem_generator/gnativebmg.native_blk_mem_gen/valid.cs
   tr/ramloop[0].ram.r/s3_noinit.ram/spram.ram.B>:<RAMB16_RAMB16B>.
WARNING:PhysDesignRules:812 - Dangling pin <DOB29> on
   block:<mySRAM/U0/xst_blk_mem_generator/gnativebmg.native_blk_mem_gen/valid.cs
   tr/ramloop[0].ram.r/s3_noinit.ram/spram.ram.B>:<RAMB16_RAMB16B>.
WARNING:PhysDesignRules:812 - Dangling pin <DOB30> on
   block:<mySRAM/U0/xst_blk_mem_generator/gnativebmg.native_blk_mem_gen/valid.cs
   tr/ramloop[0].ram.r/s3_noinit.ram/spram.ram.B>:<RAMB16_RAMB16B>.
WARNING:PhysDesignRules:812 - Dangling pin <DOB31> on
   block:<mySRAM/U0/xst_blk_mem_generator/gnativebmg.native_blk_mem_gen/valid.cs
   tr/ramloop[0].ram.r/s3_noinit.ram/spram.ram.B>:<RAMB16_RAMB16B>.

Section 3 - Informational
-------------------------
INFO:LIT:243 - Logical network myvio/ASYNC_OUT<1> has no load.
INFO:MapLib:562 - No environment variables are currently set.
INFO:LIT:244 - All of the single ended outputs in this design are using slew
   rate limited output drivers. The delay on speed critical single ended outputs
   can be dramatically reduced by designating them as fast outputs.

Section 4 - Removed Logic Summary
---------------------------------
  57 block(s) removed
 120 block(s) optimized away
  41 signal(s) removed

Section 5 - Removed Logic
-------------------------

The trimmed logic report below shows the logic removed from your design due to
sourceless or loadless signals, and VCC or ground connections.  If the removal
of a signal or symbol results in the subsequent removal of an additional signal
or symbol, the message explaining that second removal will be indented.  This
indentation will be repeated as a chain of related logic is removed.

To quickly locate the original cause for the removal of a chain of logic, look
above the place where that logic is listed in the trimming report, then locate
the lines that are least indented (begin at the leftmost edge).

Loadless block "myILA/U0/I_YES_D.U_ILA/U_STAT/U_DSR" (ROM) removed.
Loadless block "myILA/U0/I_YES_D.U_ILA/U_TRIG/U_TC/I_STORAGE_QUAL.U_CAP_B" (ROM)
removed.
Loadless block "myIcon/U0/U_ICON/U_CMD/U_CORE_ID_SEL/I4.FI[10].U_LUT" (ROM)
removed.
Loadless block "myIcon/U0/U_ICON/U_CMD/U_CORE_ID_SEL/I4.FI[11].U_LUT" (ROM)
removed.
Loadless block "myIcon/U0/U_ICON/U_CMD/U_CORE_ID_SEL/I4.FI[12].U_LUT" (ROM)
removed.
Loadless block "myIcon/U0/U_ICON/U_CMD/U_CORE_ID_SEL/I4.FI[13].U_LUT" (ROM)
removed.
Loadless block "myIcon/U0/U_ICON/U_CMD/U_CORE_ID_SEL/I4.FI[14].U_LUT" (ROM)
removed.
Loadless block "myIcon/U0/U_ICON/U_CMD/U_CORE_ID_SEL/I4.FI[2].U_LUT" (ROM)
removed.
Loadless block "myIcon/U0/U_ICON/U_CMD/U_CORE_ID_SEL/I4.FI[3].U_LUT" (ROM)
removed.
Loadless block "myIcon/U0/U_ICON/U_CMD/U_CORE_ID_SEL/I4.FI[4].U_LUT" (ROM)
removed.
Loadless block "myIcon/U0/U_ICON/U_CMD/U_CORE_ID_SEL/I4.FI[5].U_LUT" (ROM)
removed.
Loadless block "myIcon/U0/U_ICON/U_CMD/U_CORE_ID_SEL/I4.FI[6].U_LUT" (ROM)
removed.
Loadless block "myIcon/U0/U_ICON/U_CMD/U_CORE_ID_SEL/I4.FI[7].U_LUT" (ROM)
removed.
Loadless block "myIcon/U0/U_ICON/U_CMD/U_CORE_ID_SEL/I4.FI[8].U_LUT" (ROM)
removed.
Loadless block "myIcon/U0/U_ICON/U_CMD/U_CORE_ID_SEL/I4.FI[9].U_LUT" (ROM)
removed.
Loadless block "myvio/U0/I_VIO/reset_f_edge/I_H2L.U_DOUT" (SFF) removed.
The signal "control0<27>" is sourceless and has been removed.
The signal "control0<28>" is sourceless and has been removed.
The signal "control0<29>" is sourceless and has been removed.
The signal "control1<10>" is sourceless and has been removed.
 Sourceless block "myvio/U0/I_VIO/U_STATUS/iSTAT_CNT<7>152" (ROM) removed.
  The signal "myvio/U0/I_VIO/U_STATUS/iSTAT_CNT<7>152" is sourceless and has been
removed.
   Sourceless block "myvio/U0/I_VIO/U_STATUS/iSTAT_CNT<7>179" (ROM) removed.
    The signal "myvio/U0/I_VIO/U_STATUS/iSTAT_CNT<7>179" is sourceless and has been
removed.
The signal "control1<11>" is sourceless and has been removed.
The signal "control1<12>" is sourceless and has been removed.
The signal "control1<13>" is sourceless and has been removed.
The signal "control1<14>" is sourceless and has been removed.
 Sourceless block "myvio/U0/I_VIO/U_STATUS/iSTAT_CNT<7>128" (ROM) removed.
  The signal "myvio/U0/I_VIO/U_STATUS/iSTAT_CNT<7>128" is sourceless and has been
removed.
The signal "control1<15>" is sourceless and has been removed.
The signal "control1<16>" is sourceless and has been removed.
The signal "control1<17>" is sourceless and has been removed.
The signal "control1<18>" is sourceless and has been removed.
 Sourceless block "myvio/U0/I_VIO/U_STATUS/iSTAT_CNT<7>115" (ROM) removed.
  The signal "myvio/U0/I_VIO/U_STATUS/iSTAT_CNT<7>115" is sourceless and has been
removed.
The signal "control1<19>" is sourceless and has been removed.
The signal "control1<20>" is sourceless and has been removed.
The signal "control1<21>" is sourceless and has been removed.
The signal "control1<22>" is sourceless and has been removed.
 Sourceless block "myvio/U0/I_VIO/U_STATUS/iSTAT_CNT<7>77" (ROM) removed.
  The signal "myvio/U0/I_VIO/U_STATUS/iSTAT_CNT<7>77" is sourceless and has been
removed.
   Sourceless block "myvio/U0/I_VIO/U_STATUS/iSTAT_CNT<7>91_SW0" (ROM) removed.
    The signal "myvio/N36" is sourceless and has been removed.
The signal "control1<23>" is sourceless and has been removed.
The signal "control1<24>" is sourceless and has been removed.
The signal "control1<25>" is sourceless and has been removed.
The signal "control1<26>" is sourceless and has been removed.
 Sourceless block "myvio/U0/I_VIO/U_STATUS/iSTAT_CNT<7>64" (ROM) removed.
  The signal "myvio/U0/I_VIO/U_STATUS/iSTAT_CNT<7>64" is sourceless and has been
removed.
The signal "control1<27>" is sourceless and has been removed.
The signal "control1<28>" is sourceless and has been removed.
The signal "control1<29>" is sourceless and has been removed.
The signal "control1<30>" is sourceless and has been removed.
 Sourceless block "myvio/U0/I_VIO/U_STATUS/iSTAT_CNT<7>37" (ROM) removed.
  The signal "myvio/U0/I_VIO/U_STATUS/iSTAT_CNT<7>37" is sourceless and has been
removed.
The signal "control1<31>" is sourceless and has been removed.
The signal "control1<32>" is sourceless and has been removed.
The signal "control1<33>" is sourceless and has been removed.
The signal "control1<34>" is sourceless and has been removed.
The signal "control1<35>" is sourceless and has been removed.
The signal "control1<8>" is sourceless and has been removed.
 Sourceless block "myvio/U0/I_VIO/U_STATUS/iSTAT_CNT<7>165" (ROM) removed.
  The signal "myvio/U0/I_VIO/U_STATUS/iSTAT_CNT<7>165" is sourceless and has been
removed.
The signal "control1<9>" is sourceless and has been removed.
The signal "myvio/ASYNC_OUT<1>" is sourceless and has been removed.
Unused block "myIcon/U0/U_ICON/U_CTRL_OUT/F_NCP[0].F_CMD[7].U_HCE" (ROM)
removed.
Unused block "myIcon/U0/U_ICON/U_CTRL_OUT/F_NCP[0].F_CMD[8].U_HCE" (ROM)
removed.
Unused block "myIcon/U0/U_ICON/U_CTRL_OUT/F_NCP[0].F_CMD[9].U_HCE" (ROM)
removed.
Unused block "myIcon/U0/U_ICON/U_CTRL_OUT/F_NCP[1].F_CMD[0].U_HCE" (ROM)
removed.
Unused block "myIcon/U0/U_ICON/U_CTRL_OUT/F_NCP[1].F_CMD[10].U_HCE" (ROM)
removed.
Unused block "myIcon/U0/U_ICON/U_CTRL_OUT/F_NCP[1].F_CMD[10].U_LCE" (ROM)
removed.
Unused block "myIcon/U0/U_ICON/U_CTRL_OUT/F_NCP[1].F_CMD[11].U_HCE" (ROM)
removed.
Unused block "myIcon/U0/U_ICON/U_CTRL_OUT/F_NCP[1].F_CMD[11].U_LCE" (ROM)
removed.
Unused block "myIcon/U0/U_ICON/U_CTRL_OUT/F_NCP[1].F_CMD[12].U_HCE" (ROM)
removed.
Unused block "myIcon/U0/U_ICON/U_CTRL_OUT/F_NCP[1].F_CMD[12].U_LCE" (ROM)
removed.
Unused block "myIcon/U0/U_ICON/U_CTRL_OUT/F_NCP[1].F_CMD[13].U_HCE" (ROM)
removed.
Unused block "myIcon/U0/U_ICON/U_CTRL_OUT/F_NCP[1].F_CMD[13].U_LCE" (ROM)
removed.
Unused block "myIcon/U0/U_ICON/U_CTRL_OUT/F_NCP[1].F_CMD[14].U_HCE" (ROM)
removed.
Unused block "myIcon/U0/U_ICON/U_CTRL_OUT/F_NCP[1].F_CMD[14].U_LCE" (ROM)
removed.
Unused block "myIcon/U0/U_ICON/U_CTRL_OUT/F_NCP[1].F_CMD[15].U_HCE" (ROM)
removed.
Unused block "myIcon/U0/U_ICON/U_CTRL_OUT/F_NCP[1].F_CMD[15].U_LCE" (ROM)
removed.
Unused block "myIcon/U0/U_ICON/U_CTRL_OUT/F_NCP[1].F_CMD[1].U_HCE" (ROM)
removed.
Unused block "myIcon/U0/U_ICON/U_CTRL_OUT/F_NCP[1].F_CMD[2].U_HCE" (ROM)
removed.
Unused block "myIcon/U0/U_ICON/U_CTRL_OUT/F_NCP[1].F_CMD[3].U_HCE" (ROM)
removed.
Unused block "myIcon/U0/U_ICON/U_CTRL_OUT/F_NCP[1].F_CMD[4].U_HCE" (ROM)
removed.
Unused block "myIcon/U0/U_ICON/U_CTRL_OUT/F_NCP[1].F_CMD[4].U_LCE" (ROM)
removed.
Unused block "myIcon/U0/U_ICON/U_CTRL_OUT/F_NCP[1].F_CMD[5].U_HCE" (ROM)
removed.
Unused block "myIcon/U0/U_ICON/U_CTRL_OUT/F_NCP[1].F_CMD[5].U_LCE" (ROM)
removed.
Unused block "myIcon/U0/U_ICON/U_CTRL_OUT/F_NCP[1].F_CMD[6].U_HCE" (ROM)
removed.
Unused block "myIcon/U0/U_ICON/U_CTRL_OUT/F_NCP[1].F_CMD[6].U_LCE" (ROM)
removed.
Unused block "myIcon/U0/U_ICON/U_CTRL_OUT/F_NCP[1].F_CMD[7].U_HCE" (ROM)
removed.
Unused block "myIcon/U0/U_ICON/U_CTRL_OUT/F_NCP[1].F_CMD[7].U_LCE" (ROM)
removed.
Unused block "myIcon/U0/U_ICON/U_CTRL_OUT/F_NCP[1].F_CMD[8].U_HCE" (ROM)
removed.
Unused block "myIcon/U0/U_ICON/U_CTRL_OUT/F_NCP[1].F_CMD[8].U_LCE" (ROM)
removed.
Unused block "myIcon/U0/U_ICON/U_CTRL_OUT/F_NCP[1].F_CMD[9].U_HCE" (ROM)
removed.
Unused block "myIcon/U0/U_ICON/U_CTRL_OUT/F_NCP[1].F_CMD[9].U_LCE" (ROM)
removed.
Unused block "myvio/U0/I_VIO/GEN_ASYNC_OUT[1].ASYNC_OUT_CELL/USER_REG" (FF)
removed.

Optimized Block(s):
TYPE 		BLOCK
GND 		XST_GND
VCC 		XST_VCC
LUT4 		myILA/U0/I_YES_D.U_ILA/U_STAT/F_SSTAT[10].I_STAT.U_STAT
   optimized to 0
LUT4 		myILA/U0/I_YES_D.U_ILA/U_STAT/F_SSTAT[6].I_STAT.U_STAT
   optimized to 0
LUT4
		myILA/U0/U_XST_CONTROLBUS_WORKAROUND/CONTROL_XST_WORKAROUND_O_cmp_eq0000_wg_lu
t<6>
   optimized to 0
GND 		myILA/XST_GND
VCC 		myILA/XST_VCC
GND 		myIcon/XST_GND
VCC 		myIcon/XST_VCC
GND 		mySRAM/XST_GND
VCC 		mySRAM/XST_VCC
FDE 		myvio/U0/I_VIO/U_DATA_OUT
   optimized to 0
LUT4 		myvio/U0/I_VIO/U_STATUS/F_STAT[4].I_STAT.U_STAT
   optimized to 0
LUT4 		myvio/U0/I_VIO/U_STATUS/F_STAT[6].I_STAT.U_STAT
   optimized to 0
LUT4 		myvio/U0/I_VIO/U_STATUS/F_STAT[7].I_STAT.U_STAT
   optimized to 0
LUT3 		myvio/U0/I_VIO/U_STATUS/U_SMUX/U_CS_MUX/I4.U_MUX16/Mmux_O_7
   optimized to 0
LUT4 		myvio/U0/I_VIO/U_STATUS/iSTAT_CNT<7>12
   optimized to 1
LUT4 		myvio/U0/I_VIO/U_STATUS/iSTAT_CNT<7>91
   optimized to 1
GND 		myvio/XST_GND
VCC 		myvio/XST_VCC

To enable printing of redundant blocks removed and signals merged, set the
detailed map report option and rerun map.

Section 6 - IOB Properties
--------------------------

+---------------------------------------------------------------------------------------------------------------------------------------------------------+
| IOB Name                           | Type             | Direction | IO Standard          | Diff  | Drive    | Slew | Reg (s)      | Resistor | IOB      |
|                                    |                  |           |                      | Term  | Strength | Rate |              |          | Delay    |
+---------------------------------------------------------------------------------------------------------------------------------------------------------+
| Cache_Addr_Comp<0>                 | IOB              | OUTPUT    | LVCMOS25             |       | 12       | SLOW |              |          | 0 / 0    |
| Cache_Addr_Comp<1>                 | IOB              | OUTPUT    | LVCMOS25             |       | 12       | SLOW |              |          | 0 / 0    |
| Cache_Addr_Comp<2>                 | IOB              | OUTPUT    | LVCMOS25             |       | 12       | SLOW |              |          | 0 / 0    |
| Cache_Addr_Comp<3>                 | IOB              | OUTPUT    | LVCMOS25             |       | 12       | SLOW |              |          | 0 / 0    |
| Cache_Addr_Comp<4>                 | IOB              | OUTPUT    | LVCMOS25             |       | 12       | SLOW |              |          | 0 / 0    |
| Cache_Addr_Comp<5>                 | IOB              | OUTPUT    | LVCMOS25             |       | 12       | SLOW |              |          | 0 / 0    |
| Cache_Addr_Comp<6>                 | IOB              | OUTPUT    | LVCMOS25             |       | 12       | SLOW |              |          | 0 / 0    |
| Cache_Addr_Comp<7>                 | IOB              | OUTPUT    | LVCMOS25             |       | 12       | SLOW |              |          | 0 / 0    |
| Cache_Addr_Comp<8>                 | IOB              | OUTPUT    | LVCMOS25             |       | 12       | SLOW |              |          | 0 / 0    |
| Cache_Addr_Comp<9>                 | IOB              | OUTPUT    | LVCMOS25             |       | 12       | SLOW |              |          | 0 / 0    |
| Cache_Addr_Comp<10>                | IOB              | OUTPUT    | LVCMOS25             |       | 12       | SLOW |              |          | 0 / 0    |
| Cache_Addr_Comp<11>                | IOB              | OUTPUT    | LVCMOS25             |       | 12       | SLOW |              |          | 0 / 0    |
| Cache_Addr_Comp<12>                | IOB              | OUTPUT    | LVCMOS25             |       | 12       | SLOW |              |          | 0 / 0    |
| Cache_Addr_Comp<13>                | IOB              | OUTPUT    | LVCMOS25             |       | 12       | SLOW |              |          | 0 / 0    |
| Cache_Addr_Comp<14>                | IOB              | OUTPUT    | LVCMOS25             |       | 12       | SLOW |              |          | 0 / 0    |
| Cache_Addr_Comp<15>                | IOB              | OUTPUT    | LVCMOS25             |       | 12       | SLOW |              |          | 0 / 0    |
| Cache_CS_Comp                      | IOB              | OUTPUT    | LVCMOS25             |       | 12       | SLOW | OFF1         |          | 0 / 0    |
| Cache_Dout_Comp<0>                 | IOB              | OUTPUT    | LVCMOS25             |       | 12       | SLOW |              |          | 0 / 0    |
| Cache_Dout_Comp<1>                 | IOB              | OUTPUT    | LVCMOS25             |       | 12       | SLOW |              |          | 0 / 0    |
| Cache_Dout_Comp<2>                 | IOB              | OUTPUT    | LVCMOS25             |       | 12       | SLOW |              |          | 0 / 0    |
| Cache_Dout_Comp<3>                 | IOB              | OUTPUT    | LVCMOS25             |       | 12       | SLOW |              |          | 0 / 0    |
| Cache_Dout_Comp<4>                 | IOB              | OUTPUT    | LVCMOS25             |       | 12       | SLOW |              |          | 0 / 0    |
| Cache_Dout_Comp<5>                 | IOB              | OUTPUT    | LVCMOS25             |       | 12       | SLOW |              |          | 0 / 0    |
| Cache_Dout_Comp<6>                 | IOB              | OUTPUT    | LVCMOS25             |       | 12       | SLOW |              |          | 0 / 0    |
| Cache_Dout_Comp<7>                 | IOB              | OUTPUT    | LVCMOS25             |       | 12       | SLOW |              |          | 0 / 0    |
| Cache_RDY_Comp                     | IOB              | OUTPUT    | LVCMOS25             |       | 12       | SLOW |              |          | 0 / 0    |
| Cache_SRAMAddr_Comp<0>             | IOB              | OUTPUT    | LVCMOS25             |       | 12       | SLOW |              |          | 0 / 0    |
| Cache_SRAMAddr_Comp<1>             | IOB              | OUTPUT    | LVCMOS25             |       | 12       | SLOW |              |          | 0 / 0    |
| Cache_SRAMAddr_Comp<2>             | IOB              | OUTPUT    | LVCMOS25             |       | 12       | SLOW |              |          | 0 / 0    |
| Cache_SRAMAddr_Comp<3>             | IOB              | OUTPUT    | LVCMOS25             |       | 12       | SLOW |              |          | 0 / 0    |
| Cache_SRAMAddr_Comp<4>             | IOB              | OUTPUT    | LVCMOS25             |       | 12       | SLOW |              |          | 0 / 0    |
| Cache_SRAMAddr_Comp<5>             | IOB              | OUTPUT    | LVCMOS25             |       | 12       | SLOW |              |          | 0 / 0    |
| Cache_SRAMAddr_Comp<6>             | IOB              | OUTPUT    | LVCMOS25             |       | 12       | SLOW |              |          | 0 / 0    |
| Cache_SRAMAddr_Comp<7>             | IOB              | OUTPUT    | LVCMOS25             |       | 12       | SLOW |              |          | 0 / 0    |
| Cache_WR_RD_Comp                   | IOB              | OUTPUT    | LVCMOS25             |       | 12       | SLOW |              |          | 0 / 0    |
| Cache_memStrb_Comp                 | IOB              | OUTPUT    | LVCMOS25             |       | 12       | SLOW |              |          | 0 / 0    |
| SDRAM_Addr_Comp<0>                 | IOB              | OUTPUT    | LVCMOS25             |       | 12       | SLOW |              |          | 0 / 0    |
| SDRAM_Addr_Comp<1>                 | IOB              | OUTPUT    | LVCMOS25             |       | 12       | SLOW |              |          | 0 / 0    |
| SDRAM_Addr_Comp<2>                 | IOB              | OUTPUT    | LVCMOS25             |       | 12       | SLOW |              |          | 0 / 0    |
| SDRAM_Addr_Comp<3>                 | IOB              | OUTPUT    | LVCMOS25             |       | 12       | SLOW |              |          | 0 / 0    |
| SDRAM_Addr_Comp<4>                 | IOB              | OUTPUT    | LVCMOS25             |       | 12       | SLOW |              |          | 0 / 0    |
| SDRAM_Addr_Comp<5>                 | IOB              | OUTPUT    | LVCMOS25             |       | 12       | SLOW |              |          | 0 / 0    |
| SDRAM_Addr_Comp<6>                 | IOB              | OUTPUT    | LVCMOS25             |       | 12       | SLOW |              |          | 0 / 0    |
| SDRAM_Addr_Comp<7>                 | IOB              | OUTPUT    | LVCMOS25             |       | 12       | SLOW |              |          | 0 / 0    |
| SDRAM_Addr_Comp<8>                 | IOB              | OUTPUT    | LVCMOS25             |       | 12       | SLOW |              |          | 0 / 0    |
| SDRAM_Addr_Comp<9>                 | IOB              | OUTPUT    | LVCMOS25             |       | 12       | SLOW |              |          | 0 / 0    |
| SDRAM_Addr_Comp<10>                | IOB              | OUTPUT    | LVCMOS25             |       | 12       | SLOW |              |          | 0 / 0    |
| SDRAM_Addr_Comp<11>                | IOB              | OUTPUT    | LVCMOS25             |       | 12       | SLOW |              |          | 0 / 0    |
| SDRAM_Addr_Comp<12>                | IOB              | OUTPUT    | LVCMOS25             |       | 12       | SLOW |              |          | 0 / 0    |
| SDRAM_Addr_Comp<13>                | IOB              | OUTPUT    | LVCMOS25             |       | 12       | SLOW |              |          | 0 / 0    |
| SDRAM_Addr_Comp<14>                | IOB              | OUTPUT    | LVCMOS25             |       | 12       | SLOW |              |          | 0 / 0    |
| SDRAM_Addr_Comp<15>                | IOB              | OUTPUT    | LVCMOS25             |       | 12       | SLOW |              |          | 0 / 0    |
| SDRAM_Din_Comp<0>                  | IOB              | OUTPUT    | LVCMOS25             |       | 12       | SLOW |              |          | 0 / 0    |
| SDRAM_Din_Comp<1>                  | IOB              | OUTPUT    | LVCMOS25             |       | 12       | SLOW |              |          | 0 / 0    |
| SDRAM_Din_Comp<2>                  | IOB              | OUTPUT    | LVCMOS25             |       | 12       | SLOW |              |          | 0 / 0    |
| SDRAM_Din_Comp<3>                  | IOB              | OUTPUT    | LVCMOS25             |       | 12       | SLOW |              |          | 0 / 0    |
| SDRAM_Din_Comp<4>                  | IOB              | OUTPUT    | LVCMOS25             |       | 12       | SLOW |              |          | 0 / 0    |
| SDRAM_Din_Comp<5>                  | IOB              | OUTPUT    | LVCMOS25             |       | 12       | SLOW |              |          | 0 / 0    |
| SDRAM_Din_Comp<6>                  | IOB              | OUTPUT    | LVCMOS25             |       | 12       | SLOW |              |          | 0 / 0    |
| SDRAM_Din_Comp<7>                  | IOB              | OUTPUT    | LVCMOS25             |       | 12       | SLOW |              |          | 0 / 0    |
| SDRAM_Dout_Comp<0>                 | IOB              | OUTPUT    | LVCMOS25             |       | 12       | SLOW |              |          | 0 / 0    |
| SDRAM_Dout_Comp<1>                 | IOB              | OUTPUT    | LVCMOS25             |       | 12       | SLOW |              |          | 0 / 0    |
| SDRAM_Dout_Comp<2>                 | IOB              | OUTPUT    | LVCMOS25             |       | 12       | SLOW |              |          | 0 / 0    |
| SDRAM_Dout_Comp<3>                 | IOB              | OUTPUT    | LVCMOS25             |       | 12       | SLOW |              |          | 0 / 0    |
| SDRAM_Dout_Comp<4>                 | IOB              | OUTPUT    | LVCMOS25             |       | 12       | SLOW |              |          | 0 / 0    |
| SDRAM_Dout_Comp<5>                 | IOB              | OUTPUT    | LVCMOS25             |       | 12       | SLOW |              |          | 0 / 0    |
| SDRAM_Dout_Comp<6>                 | IOB              | OUTPUT    | LVCMOS25             |       | 12       | SLOW |              |          | 0 / 0    |
| SDRAM_Dout_Comp<7>                 | IOB              | OUTPUT    | LVCMOS25             |       | 12       | SLOW |              |          | 0 / 0    |
| SRAM_Addr_Comp<0>                  | IOB              | OUTPUT    | LVCMOS25             |       | 12       | SLOW |              |          | 0 / 0    |
| SRAM_Addr_Comp<1>                  | IOB              | OUTPUT    | LVCMOS25             |       | 12       | SLOW |              |          | 0 / 0    |
| SRAM_Addr_Comp<2>                  | IOB              | OUTPUT    | LVCMOS25             |       | 12       | SLOW |              |          | 0 / 0    |
| SRAM_Addr_Comp<3>                  | IOB              | OUTPUT    | LVCMOS25             |       | 12       | SLOW |              |          | 0 / 0    |
| SRAM_Addr_Comp<4>                  | IOB              | OUTPUT    | LVCMOS25             |       | 12       | SLOW |              |          | 0 / 0    |
| SRAM_Addr_Comp<5>                  | IOB              | OUTPUT    | LVCMOS25             |       | 12       | SLOW |              |          | 0 / 0    |
| SRAM_Addr_Comp<6>                  | IOB              | OUTPUT    | LVCMOS25             |       | 12       | SLOW |              |          | 0 / 0    |
| SRAM_Addr_Comp<7>                  | IOB              | OUTPUT    | LVCMOS25             |       | 12       | SLOW |              |          | 0 / 0    |
| SRAM_Din_Comp<0>                   | IOB              | OUTPUT    | LVCMOS25             |       | 12       | SLOW |              |          | 0 / 0    |
| SRAM_Din_Comp<1>                   | IOB              | OUTPUT    | LVCMOS25             |       | 12       | SLOW |              |          | 0 / 0    |
| SRAM_Din_Comp<2>                   | IOB              | OUTPUT    | LVCMOS25             |       | 12       | SLOW |              |          | 0 / 0    |
| SRAM_Din_Comp<3>                   | IOB              | OUTPUT    | LVCMOS25             |       | 12       | SLOW |              |          | 0 / 0    |
| SRAM_Din_Comp<4>                   | IOB              | OUTPUT    | LVCMOS25             |       | 12       | SLOW |              |          | 0 / 0    |
| SRAM_Din_Comp<5>                   | IOB              | OUTPUT    | LVCMOS25             |       | 12       | SLOW |              |          | 0 / 0    |
| SRAM_Din_Comp<6>                   | IOB              | OUTPUT    | LVCMOS25             |       | 12       | SLOW |              |          | 0 / 0    |
| SRAM_Din_Comp<7>                   | IOB              | OUTPUT    | LVCMOS25             |       | 12       | SLOW |              |          | 0 / 0    |
| SRAM_Dout_Comp<0>                  | IOB              | OUTPUT    | LVCMOS25             |       | 12       | SLOW |              |          | 0 / 0    |
| SRAM_Dout_Comp<1>                  | IOB              | OUTPUT    | LVCMOS25             |       | 12       | SLOW |              |          | 0 / 0    |
| SRAM_Dout_Comp<2>                  | IOB              | OUTPUT    | LVCMOS25             |       | 12       | SLOW |              |          | 0 / 0    |
| SRAM_Dout_Comp<3>                  | IOB              | OUTPUT    | LVCMOS25             |       | 12       | SLOW |              |          | 0 / 0    |
| SRAM_Dout_Comp<4>                  | IOB              | OUTPUT    | LVCMOS25             |       | 12       | SLOW |              |          | 0 / 0    |
| SRAM_Dout_Comp<5>                  | IOB              | OUTPUT    | LVCMOS25             |       | 12       | SLOW |              |          | 0 / 0    |
| SRAM_Dout_Comp<6>                  | IOB              | OUTPUT    | LVCMOS25             |       | 12       | SLOW |              |          | 0 / 0    |
| SRAM_Dout_Comp<7>                  | IOB              | OUTPUT    | LVCMOS25             |       | 12       | SLOW |              |          | 0 / 0    |
| clk                                | IBUF             | INPUT     | LVCMOS25             |       |          |      |              |          | 0 / 0    |
+---------------------------------------------------------------------------------------------------------------------------------------------------------+

Section 7 - RPMs
----------------
myILA/U0_I_YES_D.U_ILA/U_G2_SQ.U_CAPCTRL_I_SRLT_NE_1.U_CDONE_MSET
myILA/U0_I_YES_D.U_ILA/U_G2_SQ.U_CAPCTRL_I_SRLT_NE_1.U_CMPRESET_MSET
myILA/U0_I_YES_D.U_ILA/U_G2_SQ.U_CAPCTRL_I_SRLT_NE_1.U_NS0_MSET
myILA/U0_I_YES_D.U_ILA/U_G2_SQ.U_CAPCTRL_I_SRLT_NE_1.U_NS1_MSET
myILA/U0_I_YES_D.U_ILA/U_G2_SQ.U_CAPCTRL_I_SRLT_NE_1.U_SCMPCE_MSET
myILA/U0_I_YES_D.U_ILA/U_G2_SQ.U_CAPCTRL_I_SRLT_NE_1.U_SCRST_MSET
myILA/U0_I_YES_D.U_ILA/U_G2_SQ.U_CAPCTRL_I_SRLT_NE_1.U_WHCMPCE_MSET
myILA/U0_I_YES_D.U_ILA/U_G2_SQ.U_CAPCTRL_I_SRLT_NE_1.U_WLCMPCE_MSET
myILA/U0_I_YES_D.U_ILA/U_G2_SQ.U_CAPCTRL_U_CAP_ADDRGEN_U_SCNT_CMP_I_SRL16.U_GAND
_SRL16_MSET
myILA/U0_I_YES_D.U_ILA/U_G2_SQ.U_CAPCTRL_U_CAP_ADDRGEN_U_WCNT_HCMP_I_SRL16.U_GAN
D_SRL16_MSET
myILA/U0_I_YES_D.U_ILA/U_G2_SQ.U_CAPCTRL_U_CAP_ADDRGEN_U_WCNT_LCMP_I_SRL16.U_GAN
D_SRL16_MSET
myILA/U0_I_YES_D.U_ILA/U_TRIG/U_TM/G_NMU[0].U_M/U_MU/I_MUT_GANDX.U_match/I_SRL16
.U_GANDX_SRL16_MSET

Section 8 - Guide Report
------------------------
Guide not run on this design.

Section 9 - Area Group and Partition Summary
--------------------------------------------

Partition Implementation Status
-------------------------------

  No Partitions were found in this design.

-------------------------------

Area Group Information
----------------------

  No area groups were found in this design.

----------------------

Section 10 - Timing Report
--------------------------
This design was not run using timing mode.

Section 11 - Configuration String Details
-----------------------------------------
Use the "-detail" map option to print out Configuration Strings

Section 12 - Control Set Information
------------------------------------
No control set information for this architecture.

Section 13 - Utilization by Hierarchy
-------------------------------------
Use the "-detail" map option to print out the Utilization by Hierarchy section.
